<?xml version="1.0" encoding="UTF-8"?>
<!-- Generated by org.testng.reporters.JUnitReportReporter -->
<testsuite skipped="0" hostname="KZ-201704101354" name="nondirectorysourcing.TestApprovingSourcingApply" tests="2" failures="0" timestamp="07 十一月 2017 10:49:25 GMT" time="22.512" errors="0">
  <testcase name="TestLogin" time="9.219" classname="nondirectorysourcing.TestApprovingSourcingApply"/>
  <testcase name="TestApprovingSourcingApply" time="13.293" classname="nondirectorysourcing.TestApprovingSourcingApply"/>
</testsuite> <!-- nondirectorysourcing.TestApprovingSourcingApply -->
