<?xml version="1.0" encoding="UTF-8"?>
<!-- Generated by org.testng.reporters.JUnitReportReporter -->
<testsuite skipped="0" hostname="KZ-201704101354" name="com.webdriver.test.TestApprovingSourcingApply" tests="2" failures="0" timestamp="07 十一月 2017 07:24:19 GMT" time="28.637" errors="0">
  <testcase name="TestLogin" time="13.190" classname="com.webdriver.test.TestApprovingSourcingApply"/>
  <testcase name="TestApprovingSourcingApply" time="15.447" classname="com.webdriver.test.TestApprovingSourcingApply"/>
</testsuite> <!-- com.webdriver.test.TestApprovingSourcingApply -->
