<?xml version="1.0" encoding="UTF-8"?>
<!-- Generated by org.testng.reporters.JUnitReportReporter -->
<testsuite skipped="0" hostname="KZ-201704101354" name="com.webdriver.test.TestLogin" tests="2" failures="0" timestamp="07 十一月 2017 03:23:44 GMT" time="7.513" errors="0">
  <testcase name="TestPrintf" time="0.002" classname="com.webdriver.test.TestLogin"/>
  <testcase name="TestLogin" time="7.511" classname="com.webdriver.test.TestLogin"/>
</testsuite> <!-- com.webdriver.test.TestLogin -->
