<?xml version="1.0" encoding="UTF-8"?>
<!-- Generated by org.testng.reporters.JUnitReportReporter -->
<testsuite skipped="0" hostname="KZ-201704101354" name="travel.TestTravelApply" tests="2" failures="0" timestamp="08 十一月 2017 09:43:49 GMT" time="46.843" errors="0">
  <testcase name="TestLogin" time="17.235" classname="travel.TestTravelApply"/>
  <testcase name="TestTravelApply" time="29.608" classname="travel.TestTravelApply"/>
</testsuite> <!-- travel.TestTravelApply -->
