<?xml version="1.0" encoding="UTF-8"?>
<!-- Generated by org.testng.reporters.JUnitReportReporter -->
<testsuite skipped="0" hostname="KZ-201704101354" name="nondirectorysourcing.TestCreateNonDirectorySourcing" tests="2" failures="0" timestamp="10 十一月 2017 09:21:32 GMT" time="41.366" errors="0">
  <testcase name="TestLogin" time="8.094" classname="nondirectorysourcing.TestCreateNonDirectorySourcing"/>
  <testcase name="TestNewSourcingApply" time="33.272" classname="nondirectorysourcing.TestCreateNonDirectorySourcing"/>
</testsuite> <!-- nondirectorysourcing.TestCreateNonDirectorySourcing -->
