<?xml version="1.0" encoding="UTF-8"?>
<!-- Generated by org.testng.reporters.JUnitReportReporter -->
<testsuite skipped="0" hostname="KZ-201704101354" name="nondirectorysourcing.TestCreateNonDirectorySourcing" tests="2" failures="0" timestamp="07 十一月 2017 10:49:25 GMT" time="42.294" errors="0">
  <testcase name="TestNewSourcingApply" time="33.299" classname="nondirectorysourcing.TestCreateNonDirectorySourcing"/>
  <testcase name="TestLogin" time="8.995" classname="nondirectorysourcing.TestCreateNonDirectorySourcing"/>
</testsuite> <!-- nondirectorysourcing.TestCreateNonDirectorySourcing -->
