<?xml version="1.0" encoding="UTF-8"?>
<!-- Generated by org.testng.reporters.JUnitReportReporter -->
<testsuite skipped="0" hostname="KZ-201704101354" name="travel.TestTravelApply" tests="2" failures="0" timestamp="10 十一月 2017 02:46:05 GMT" time="47.302" errors="0">
  <testcase name="TestLogin" time="13.048" classname="travel.TestTravelApply"/>
  <testcase name="TestTravelApply" time="34.254" classname="travel.TestTravelApply"/>
</testsuite> <!-- travel.TestTravelApply -->
