<?xml version="1.0" encoding="UTF-8"?>
<!-- Generated by org.testng.reporters.JUnitReportReporter -->
<testsuite skipped="0" hostname="KZ-201704101354" name="com.webdriver.test.NewTest" tests="1" failures="0" timestamp="28 七月 2017 10:20:27 GMT" time="0.001" errors="0">
  <testcase name="f" time="0.001" classname="com.webdriver.test.NewTest"/>
</testsuite> <!-- com.webdriver.test.NewTest -->
