<?xml version="1.0" encoding="UTF-8"?>
<!-- Generated by org.testng.reporters.JUnitReportReporter -->
<testsuite skipped="0" hostname="KZ-201704101354" name="com.webdriver.test.TestNonDirectorySourcing" tests="2" failures="0" timestamp="07 十一月 2017 07:05:39 GMT" time="43.978" errors="0">
  <testcase name="TestNewSourcingApply" time="33.298" classname="com.webdriver.test.TestNonDirectorySourcing"/>
  <testcase name="TestLogin" time="10.680" classname="com.webdriver.test.TestNonDirectorySourcing"/>
</testsuite> <!-- com.webdriver.test.TestNonDirectorySourcing -->
