<?xml version="1.0" encoding="UTF-8"?>
<!-- Generated by org.testng.reporters.JUnitReportReporter -->
<testsuite skipped="0" hostname="my" name="com.webdriver.test.TestLogin" tests="2" failures="0" timestamp="27 七月 2017 15:24:29 GMT" time="4.256" errors="0">
  <testcase name="TestLogin" time="4.255" classname="com.webdriver.test.TestLogin"/>
  <testcase name="TestPrintf" time="0.001" classname="com.webdriver.test.TestLogin"/>
</testsuite> <!-- com.webdriver.test.TestLogin -->
