<?xml version="1.0" encoding="UTF-8"?>
<!-- Generated by org.testng.reporters.JUnitReportReporter -->
<testsuite skipped="0" hostname="KZ-201704101354" name="com.webdriver.test.TestLogin" tests="2" failures="0" timestamp="28 七月 2017 03:28:34 GMT" time="4.669" errors="0">
  <testcase name="TestPrintf" time="0.006" classname="com.webdriver.test.TestLogin"/>
  <testcase name="TestLogin" time="4.663" classname="com.webdriver.test.TestLogin"/>
</testsuite> <!-- com.webdriver.test.TestLogin -->
