<?xml version="1.0" encoding="UTF-8"?>
<!-- Generated by org.testng.reporters.JUnitReportReporter -->
<testsuite skipped="0" hostname="KZ-201704101354" name="com.webdriver.test.TestApprovingSourcingApply" tests="2" failures="0" timestamp="12 九月 2017 09:49:27 GMT" time="21.590" errors="0">
  <testcase name="TestLogin" time="9.269" classname="com.webdriver.test.TestApprovingSourcingApply"/>
  <testcase name="TestApprovingSourcingApply" time="12.321" classname="com.webdriver.test.TestApprovingSourcingApply"/>
</testsuite> <!-- com.webdriver.test.TestApprovingSourcingApply -->
