<?xml version="1.0" encoding="UTF-8"?>
<!-- Generated by org.testng.reporters.JUnitReportReporter -->
<testsuite skipped="0" hostname="KZ-201704101354" name="nondirectorysourcing.TestApprovingSourcingApply" tests="2" failures="0" timestamp="10 十一月 2017 09:21:32 GMT" time="24.043" errors="0">
  <testcase name="TestLogin" time="7.616" classname="nondirectorysourcing.TestApprovingSourcingApply"/>
  <testcase name="TestApprovingSourcingApply" time="16.427" classname="nondirectorysourcing.TestApprovingSourcingApply"/>
</testsuite> <!-- nondirectorysourcing.TestApprovingSourcingApply -->
