<?xml version="1.0" encoding="UTF-8"?>
<!-- Generated by org.testng.reporters.JUnitReportReporter -->
<testsuite skipped="0" hostname="KZ-201704101354" name="sourcing.TestSubmitNonDirectorySourcing" tests="2" failures="0" timestamp="07 十一月 2017 09:10:20 GMT" time="42.908" errors="0">
  <testcase name="TestNewSourcingApply" time="33.685" classname="sourcing.TestSubmitNonDirectorySourcing"/>
  <testcase name="TestLogin" time="9.223" classname="sourcing.TestSubmitNonDirectorySourcing"/>
</testsuite> <!-- sourcing.TestSubmitNonDirectorySourcing -->
