<?xml version="1.0" encoding="UTF-8"?>
<!-- Generated by org.testng.reporters.JUnitReportReporter -->
<testsuite skipped="0" hostname="KZ-201704101354" name="travel.TestTravelApply" tests="2" failures="0" timestamp="07 十一月 2017 10:46:04 GMT" time="17.883" errors="0">
  <testcase name="TestLogin" time="9.120" classname="travel.TestTravelApply"/>
  <testcase name="TestTravelApply" time="8.763" classname="travel.TestTravelApply"/>
</testsuite> <!-- travel.TestTravelApply -->
